<?xml version="1.0" encoding="UTF-8" ?>
<testsuite tests="18" failures="0" name="LuhnTest" time="0.68" errors="0" skipped="17">
  <properties>
    <property name="idea.plugins.compatible.build" value="201.6668.13"/>
    <property name="java.runtime.name" value="Java(TM) SE Runtime Environment"/>
    <property name="idea.version" value="2021.1.3"/>
    <property name="java.vm.version" value="21.0.2+13-LTS-58"/>
    <property name="sun.boot.library.path" value="C:\Program Files\Java\jdk-21\bin"/>
    <property name="maven.multiModuleProjectDirectory" value="C:\Users\Admin\IdeaProjects\KotlinPractical-Exercism"/>
    <property name="java.vm.vendor" value="Oracle Corporation"/>
    <property name="java.vendor.url" value="https://java.oracle.com/"/>
    <property name="path.separator" value=";"/>
    <property name="guice.disable.misplaced.annotation.check" value="true"/>
    <property name="java.vm.name" value="Java HotSpot(TM) 64-Bit Server VM"/>
    <property name="user.country" value="US"/>
    <property name="sun.java.launcher" value="SUN_STANDARD"/>
    <property name="user.script" value=""/>
    <property name="sun.os.patch.level" value=""/>
    <property name="user.dir" value="C:\Users\Admin\IdeaProjects\KotlinPractical-Exercism"/>
    <property name="java.vm.compressedOopsMode" value="Zero based"/>
    <property name="java.vm.specification.name" value="Java Virtual Machine Specification"/>
    <property name="java.runtime.version" value="21.0.2+13-LTS-58"/>
    <property name="idea.io.use.nio2" value="true"/>
    <property name="os.arch" value="amd64"/>
    <property name="java.io.tmpdir" value="C:\Users\Admin\AppData\Local\Temp\"/>
    <property name="line.separator" value="
"/>
    <property name="java.vm.specification.vendor" value="Oracle Corporation"/>
    <property name="user.variant" value=""/>
    <property name="os.name" value="Windows 11"/>
    <property name="stderr.encoding" value="Cp1251"/>
    <property name="maven.ext.class.path" value="C:\Users\Admin\AppData\Local\JetBrains\IntelliJ IDEA 2021.1.3\plugins\maven\lib\maven-event-listener.jar"/>
    <property name="classworlds.conf" value="C:\Users\Admin\AppData\Local\JetBrains\IntelliJ IDEA 2021.1.3\plugins\maven\lib\maven3\bin\m2.conf"/>
    <property name="ide.hide.excluded.files" value="false"/>
    <property name="sun.jnu.encoding" value="Cp1251"/>
    <property name="stdout.encoding" value="Cp1251"/>
    <property name="java.library.path" value="C:\Program Files\Java\jdk-21\bin;C:\WINDOWS\Sun\Java\bin;C:\WINDOWS\system32;C:\WINDOWS;C:\Program Files\Common Files\Oracle\Java\javapath;C:\Program Files (x86)\Common Files\Oracle\Java\javapath;C:\WINDOWS\system32;C:\WINDOWS;C:\WINDOWS\System32\Wbem;C:\WINDOWS\System32\WindowsPowerShell\v1.0\;C:\WINDOWS\System32\OpenSSH\;C:\Program Files\apache-maven-3.8.4\bin;C:\Program Files\Docker\Docker\resources\bin;C:\ProgramData\DockerDesktop\version-bin;C:\Program Files\Git\cmd;C:\Program Files\Amazon\AWSCLIV2\;C:\Users\Admin\AppData\Local\Programs\Python\Launcher\;C:\Program Files\MySQL\MySQL Shell 8.0\bin\;%USERPROFILE%\AppData\Local\Microsoft\WindowsApps;%JAVA_HOME%\bin;%IntelliJ IDEA Community Edition%;%MAVEN_HOME%\bin;;%IntelliJ IDEA%;C:\Exercism;."/>
    <property name="maven.conf" value="C:\Users\Admin\AppData\Local\JetBrains\IntelliJ IDEA 2021.1.3\plugins\maven\lib\maven3/conf"/>
    <property name="psi.track.invalidation" value="true"/>
    <property name="jdk.debug" value="release"/>
    <property name="java.class.version" value="65.0"/>
    <property name="java.specification.name" value="Java Platform API Specification"/>
    <property name="sun.management.compiler" value="HotSpot 64-Bit Tiered Compilers"/>
    <property name="project.structure.add.tools.jar.to.new.jdk" value="false"/>
    <property name="os.version" value="10.0"/>
    <property name="psi.incremental.reparse.depth.limit" value="1000"/>
    <property name="user.home" value="C:\Users\Admin"/>
    <property name="user.timezone" value="Europe/Simferopol"/>
    <property name="file.encoding" value="UTF-8"/>
    <property name="java.specification.version" value="21"/>
    <property name="idea.home.path" value="C:\Users\Admin\AppData\Local\Temp\"/>
    <property name="java.class.path" value="C:\Users\Admin\AppData\Local\JetBrains\IntelliJ IDEA 2021.1.3\plugins\maven\lib\maven3\boot\plexus-classworlds-2.6.0.jar;C:\Users\Admin\AppData\Local\JetBrains\IntelliJ IDEA 2021.1.3\plugins\maven\lib\maven3\boot\plexus-classworlds.license"/>
    <property name="user.name" value="Admin"/>
    <property name="java.vm.specification.version" value="21"/>
    <property name="sun.arch.data.model" value="64"/>
    <property name="sun.java.command" value="org.codehaus.classworlds.Launcher -Didea.version=2021.1.3 clean install"/>
    <property name="java.home" value="C:\Program Files\Java\jdk-21"/>
    <property name="ast.loading.filter" value="false"/>
    <property name="user.language" value="en"/>
    <property name="java.specification.vendor" value="Oracle Corporation"/>
    <property name="java.vm.info" value="mixed mode, sharing"/>
    <property name="java.version" value="21.0.2"/>
    <property name="native.encoding" value="Cp1251"/>
    <property name="java.vendor" value="Oracle Corporation"/>
    <property name="maven.home" value="C:\Users\Admin\AppData\Local\JetBrains\IntelliJ IDEA 2021.1.3\plugins\maven\lib\maven3"/>
    <property name="file.separator" value="\"/>
    <property name="java.version.date" value="2024-01-16"/>
    <property name="java.vendor.url.bug" value="https://bugreport.java.com/bugreport/"/>
    <property name="sun.cpu.endian" value="little"/>
    <property name="sun.io.unicode.encoding" value="UnicodeLittle"/>
    <property name="idea.ignore.disabled.plugins" value="true"/>
    <property name="sun.cpu.isalist" value="amd64"/>
  </properties>
  <testcase classname="LuhnTest" name="valid - even amount of digits" time="0.049">
    <skipped/>
  </testcase>
  <testcase classname="LuhnTest" name="invalid - non-digit at the end of valid" time="0.049">
    <skipped/>
  </testcase>
  <testcase classname="LuhnTest" name="invalid - credit card" time="0.049">
    <skipped/>
  </testcase>
  <testcase classname="LuhnTest" name="valid | valid luhn with an odd number of digits and non zero first digit" time="0.049">
    <skipped/>
  </testcase>
  <testcase classname="LuhnTest" name="invalid - single zero with space" time="0.05">
    <skipped/>
  </testcase>
  <testcase classname="LuhnTest" name="invalid - symbols in valid" time="0.05">
    <skipped/>
  </testcase>
  <testcase classname="LuhnTest" name="invalid - a single zero" time="0.05">
    <skipped/>
  </testcase>
  <testcase classname="LuhnTest" name="valid - input digit 9" time="0.05">
    <skipped/>
  </testcase>
  <testcase classname="LuhnTest" name="valid - Canadian" time="0.05">
    <skipped/>
  </testcase>
  <testcase classname="LuhnTest" name="invalid - ascii value for non-doubled non-digit in the middle" time="0.05">
    <skipped/>
  </testcase>
  <testcase classname="LuhnTest" name="invalid - single digit" time="0.023"/>
  <testcase classname="LuhnTest" name="valid - many zeros" time="0.023">
    <skipped/>
  </testcase>
  <testcase classname="LuhnTest" name="invalid - ascii value for non-doubled non-digit at the start" time="0.023">
    <skipped/>
  </testcase>
  <testcase classname="LuhnTest" name="valid - odd amount of spaces" time="0.023">
    <skipped/>
  </testcase>
  <testcase classname="LuhnTest" name="invalid - punctuation in valid" time="0.023">
    <skipped/>
  </testcase>
  <testcase classname="LuhnTest" name="valid - simple unreversable" time="0.023">
    <skipped/>
  </testcase>
  <testcase classname="LuhnTest" name="valid - simple reversable" time="0.023">
    <skipped/>
  </testcase>
  <testcase classname="LuhnTest" name="invalid - Canadian" time="0.023">
    <skipped/>
  </testcase>
</testsuite>